mode: atomic
agenda/internal/services/dashboard_service.go:32.122,37.2 1 13
agenda/internal/services/dashboard_service.go:113.117,117.30 2 2
agenda/internal/services/dashboard_service.go:117.30,121.3 3 0
agenda/internal/services/dashboard_service.go:122.2,122.28 1 2
agenda/internal/services/dashboard_service.go:122.28,125.3 2 1
agenda/internal/services/dashboard_service.go:126.2,126.53 1 2
agenda/internal/services/dashboard_service.go:126.53,129.3 2 1
agenda/internal/services/dashboard_service.go:132.2,132.48 1 2
agenda/internal/services/dashboard_service.go:132.48,134.3 1 1
agenda/internal/services/dashboard_service.go:137.2,137.26 1 1
agenda/internal/services/dashboard_service.go:137.26,139.17 2 1
agenda/internal/services/dashboard_service.go:139.17,141.4 1 0
agenda/internal/services/dashboard_service.go:142.3,146.17 3 1
agenda/internal/services/dashboard_service.go:146.17,148.4 1 0
agenda/internal/services/dashboard_service.go:149.3,149.44 1 1
agenda/internal/services/dashboard_service.go:153.2,153.27 1 1
agenda/internal/services/dashboard_service.go:153.27,155.17 2 1
agenda/internal/services/dashboard_service.go:155.17,157.4 1 0
agenda/internal/services/dashboard_service.go:158.3,164.17 5 1
agenda/internal/services/dashboard_service.go:164.17,166.4 1 0
agenda/internal/services/dashboard_service.go:167.3,167.42 1 1
agenda/internal/services/dashboard_service.go:171.2,172.16 2 1
agenda/internal/services/dashboard_service.go:172.16,174.3 1 0
agenda/internal/services/dashboard_service.go:175.2,177.27 2 1
agenda/internal/services/dashboard_service.go:181.112,182.15 1 2
agenda/internal/services/dashboard_service.go:182.15,184.3 1 0
agenda/internal/services/dashboard_service.go:185.2,185.16 1 2
agenda/internal/services/dashboard_service.go:185.16,187.3 1 0
agenda/internal/services/dashboard_service.go:189.2,193.16 3 2
agenda/internal/services/dashboard_service.go:193.16,195.3 1 0
agenda/internal/services/dashboard_service.go:198.2,199.16 2 2
agenda/internal/services/dashboard_service.go:199.16,201.3 1 0
agenda/internal/services/dashboard_service.go:204.2,207.31 4 2
agenda/internal/services/dashboard_service.go:207.31,208.38 1 4
agenda/internal/services/dashboard_service.go:208.38,210.4 1 4
agenda/internal/services/dashboard_service.go:214.2,215.24 2 2
agenda/internal/services/dashboard_service.go:215.24,220.29 3 1
agenda/internal/services/dashboard_service.go:220.29,222.4 1 1
agenda/internal/services/dashboard_service.go:223.3,223.39 1 1
agenda/internal/services/dashboard_service.go:223.39,225.4 1 0
agenda/internal/services/dashboard_service.go:228.2,232.27 4 2
agenda/internal/services/dashboard_service.go:236.93,241.16 3 3
agenda/internal/services/dashboard_service.go:241.16,243.3 1 0
agenda/internal/services/dashboard_service.go:244.2,247.140 2 3
agenda/internal/services/dashboard_service.go:247.140,249.3 1 3
agenda/internal/services/dashboard_service.go:249.8,251.3 1 0
agenda/internal/services/dashboard_service.go:252.2,252.135 1 3
agenda/internal/services/dashboard_service.go:252.135,254.3 1 3
agenda/internal/services/dashboard_service.go:254.8,256.3 1 0
agenda/internal/services/dashboard_service.go:271.2,271.26 1 3
agenda/internal/services/dashboard_service.go:271.26,273.3 1 3
agenda/internal/services/dashboard_service.go:276.2,277.16 2 3
agenda/internal/services/dashboard_service.go:277.16,279.3 1 0
agenda/internal/services/dashboard_service.go:280.2,289.16 5 3
agenda/internal/services/dashboard_service.go:289.16,291.3 1 0
agenda/internal/services/dashboard_service.go:292.2,298.34 5 3
agenda/internal/services/dashboard_service.go:298.34,299.73 1 3
agenda/internal/services/dashboard_service.go:299.73,301.4 1 3
agenda/internal/services/dashboard_service.go:301.9,301.40 1 0
agenda/internal/services/dashboard_service.go:301.40,303.4 1 0
agenda/internal/services/dashboard_service.go:305.2,308.19 3 3
agenda/internal/services/dashboard_service.go:312.129,314.32 1 3
agenda/internal/services/dashboard_service.go:314.32,316.3 1 1
agenda/internal/services/dashboard_service.go:317.2,317.29 1 2
agenda/internal/services/dashboard_service.go:317.29,319.3 1 1
agenda/internal/services/dashboard_service.go:321.2,328.16 3 1
agenda/internal/services/dashboard_service.go:328.16,330.3 1 0
agenda/internal/services/dashboard_service.go:331.2,344.16 6 1
agenda/internal/services/dashboard_service.go:344.16,346.3 1 0
agenda/internal/services/dashboard_service.go:349.2,350.29 2 1
agenda/internal/services/dashboard_service.go:350.29,351.26 1 2
agenda/internal/services/dashboard_service.go:351.26,353.4 1 1
agenda/internal/services/dashboard_service.go:355.2,357.26 2 1
agenda/internal/services/dashboard_service.go:361.124,363.31 1 3
agenda/internal/services/dashboard_service.go:363.31,365.3 1 1
agenda/internal/services/dashboard_service.go:367.2,374.16 3 2
agenda/internal/services/dashboard_service.go:374.16,376.3 1 0
agenda/internal/services/dashboard_service.go:377.2,387.16 4 2
agenda/internal/services/dashboard_service.go:387.16,389.3 1 0
agenda/internal/services/dashboard_service.go:392.2,393.29 2 2
agenda/internal/services/dashboard_service.go:393.29,394.26 1 3
agenda/internal/services/dashboard_service.go:394.26,396.4 1 2
agenda/internal/services/dashboard_service.go:398.2,401.27 3 2
agenda/internal/services/dashboard_service.go:405.130,408.16 2 1
agenda/internal/services/dashboard_service.go:408.16,410.3 1 0
agenda/internal/services/dashboard_service.go:412.2,415.43 2 1
agenda/internal/services/dashboard_service.go:415.43,416.26 1 1
agenda/internal/services/dashboard_service.go:416.26,426.4 2 1
agenda/internal/services/dashboard_service.go:430.2,430.45 1 1
agenda/internal/services/dashboard_service.go:430.45,441.3 2 1
agenda/internal/services/dashboard_service.go:443.2,443.27 1 1
agenda/internal/services/event_service.go:40.89,44.2 1 27
agenda/internal/services/event_service.go:87.105,89.59 1 8
agenda/internal/services/event_service.go:89.59,91.3 1 3
agenda/internal/services/event_service.go:94.2,94.74 1 5
agenda/internal/services/event_service.go:94.74,96.3 1 3
agenda/internal/services/event_service.go:99.2,100.16 2 2
agenda/internal/services/event_service.go:100.16,102.3 1 0
agenda/internal/services/event_service.go:103.2,103.24 1 2
agenda/internal/services/event_service.go:103.24,105.3 1 1
agenda/internal/services/event_service.go:108.2,117.16 3 1
agenda/internal/services/event_service.go:117.16,119.3 1 0
agenda/internal/services/event_service.go:121.2,121.26 1 1
agenda/internal/services/event_service.go:125.90,126.13 1 3
agenda/internal/services/event_service.go:126.13,128.3 1 1
agenda/internal/services/event_service.go:130.2,131.16 2 2
agenda/internal/services/event_service.go:131.16,133.3 1 1
agenda/internal/services/event_service.go:135.2,135.19 1 1
agenda/internal/services/event_service.go:139.113,140.13 1 2
agenda/internal/services/event_service.go:140.13,142.3 1 0
agenda/internal/services/event_service.go:145.2,146.16 2 2
agenda/internal/services/event_service.go:146.16,148.3 1 0
agenda/internal/services/event_service.go:151.2,151.59 1 2
agenda/internal/services/event_service.go:151.59,153.3 1 0
agenda/internal/services/event_service.go:156.2,157.22 2 2
agenda/internal/services/event_service.go:157.22,159.3 1 1
agenda/internal/services/event_service.go:160.2,160.28 1 2
agenda/internal/services/event_service.go:160.28,162.3 1 0
agenda/internal/services/event_service.go:163.2,163.26 1 2
agenda/internal/services/event_service.go:163.26,165.3 1 2
agenda/internal/services/event_service.go:166.2,166.24 1 2
agenda/internal/services/event_service.go:166.24,168.3 1 2
agenda/internal/services/event_service.go:171.2,171.92 1 2
agenda/internal/services/event_service.go:171.92,173.3 1 0
agenda/internal/services/event_service.go:176.2,177.16 2 2
agenda/internal/services/event_service.go:177.16,179.3 1 0
agenda/internal/services/event_service.go:180.2,180.24 1 2
agenda/internal/services/event_service.go:180.24,182.3 1 1
agenda/internal/services/event_service.go:185.2,185.69 1 1
agenda/internal/services/event_service.go:185.69,187.3 1 0
agenda/internal/services/event_service.go:189.2,189.27 1 1
agenda/internal/services/event_service.go:193.72,194.13 1 2
agenda/internal/services/event_service.go:194.13,196.3 1 0
agenda/internal/services/event_service.go:199.2,200.16 2 2
agenda/internal/services/event_service.go:200.16,202.3 1 1
agenda/internal/services/event_service.go:205.2,205.58 1 1
agenda/internal/services/event_service.go:205.58,207.3 1 0
agenda/internal/services/event_service.go:209.2,209.12 1 1
agenda/internal/services/event_service.go:213.122,214.31 1 2
agenda/internal/services/event_service.go:214.31,216.3 1 1
agenda/internal/services/event_service.go:218.2,219.16 2 1
agenda/internal/services/event_service.go:219.16,221.3 1 0
agenda/internal/services/event_service.go:223.2,223.20 1 1
agenda/internal/services/event_service.go:227.116,228.32 1 5
agenda/internal/services/event_service.go:228.32,230.3 1 2
agenda/internal/services/event_service.go:231.2,231.29 1 3
agenda/internal/services/event_service.go:231.29,233.3 1 2
agenda/internal/services/event_service.go:235.2,236.16 2 1
agenda/internal/services/event_service.go:236.16,238.3 1 0
agenda/internal/services/event_service.go:240.2,240.20 1 1
agenda/internal/services/event_service.go:244.102,246.16 2 1
agenda/internal/services/event_service.go:246.16,248.3 1 0
agenda/internal/services/event_service.go:250.2,250.20 1 1
agenda/internal/services/event_service.go:254.100,255.16 1 3
agenda/internal/services/event_service.go:255.16,257.3 1 1
agenda/internal/services/event_service.go:258.2,258.17 1 3
agenda/internal/services/event_service.go:258.17,260.3 1 1
agenda/internal/services/event_service.go:262.2,263.16 2 3
agenda/internal/services/event_service.go:263.16,265.3 1 0
agenda/internal/services/event_service.go:267.2,267.20 1 3
agenda/internal/services/event_service.go:271.141,279.16 3 7
agenda/internal/services/event_service.go:279.16,281.3 1 0
agenda/internal/services/event_service.go:283.2,284.31 2 7
agenda/internal/services/event_service.go:284.31,286.59 1 4
agenda/internal/services/event_service.go:286.59,287.12 1 1
agenda/internal/services/event_service.go:291.3,291.75 1 3
agenda/internal/services/event_service.go:291.75,293.4 1 3
agenda/internal/services/event_service.go:296.2,296.23 1 7
agenda/internal/services/event_service.go:300.80,302.31 1 11
agenda/internal/services/event_service.go:302.31,304.3 1 2
agenda/internal/services/event_service.go:307.2,307.54 1 9
agenda/internal/services/event_service.go:307.54,309.3 1 2
agenda/internal/services/event_service.go:312.2,313.29 2 7
agenda/internal/services/event_service.go:313.29,315.3 1 2
agenda/internal/services/event_service.go:317.2,317.12 1 5
agenda/internal/services/event_service.go:321.115,323.27 1 2
agenda/internal/services/event_service.go:323.27,325.3 1 1
agenda/internal/services/event_service.go:326.2,326.28 1 2
agenda/internal/services/event_service.go:326.28,328.3 1 0
agenda/internal/services/event_service.go:329.2,329.22 1 2
agenda/internal/services/event_service.go:329.22,331.3 1 1
agenda/internal/services/event_service.go:334.2,347.16 3 2
agenda/internal/services/event_service.go:347.16,349.3 1 0
agenda/internal/services/event_service.go:351.2,352.16 2 2
agenda/internal/services/event_service.go:352.16,354.3 1 0
agenda/internal/services/event_service.go:356.2,356.27 1 2
agenda/internal/services/event_service.go:360.82,363.2 1 3
agenda/internal/services/event_service.go:366.82,368.40 1 8
agenda/internal/services/event_service.go:368.40,370.3 1 1
agenda/internal/services/event_service.go:371.2,371.26 1 7
agenda/internal/services/event_service.go:371.26,373.3 1 1
agenda/internal/services/event_service.go:376.2,376.33 1 6
agenda/internal/services/event_service.go:376.33,378.3 1 1
agenda/internal/services/event_service.go:380.2,380.12 1 5
agenda/internal/services/event_service.go:384.82,386.22 1 2
agenda/internal/services/event_service.go:386.22,387.42 1 1
agenda/internal/services/event_service.go:387.42,389.4 1 0
agenda/internal/services/event_service.go:390.3,390.28 1 1
agenda/internal/services/event_service.go:390.28,392.4 1 0
agenda/internal/services/event_service.go:396.2,396.60 1 2
agenda/internal/services/event_service.go:396.60,398.3 1 0
agenda/internal/services/event_service.go:400.2,400.12 1 2
agenda/internal/services/task_service.go:40.85,44.2 1 8
agenda/internal/services/task_service.go:84.101,86.58 1 6
agenda/internal/services/task_service.go:86.58,88.3 1 3
agenda/internal/services/task_service.go:91.2,100.16 3 3
agenda/internal/services/task_service.go:100.16,102.3 1 1
agenda/internal/services/task_service.go:104.2,104.25 1 2
agenda/internal/services/task_service.go:108.87,109.13 1 3
agenda/internal/services/task_service.go:109.13,111.3 1 1
agenda/internal/services/task_service.go:113.2,114.16 2 2
agenda/internal/services/task_service.go:114.16,115.36 1 1
agenda/internal/services/task_service.go:115.36,117.4 1 0
agenda/internal/services/task_service.go:118.3,118.56 1 1
agenda/internal/services/task_service.go:121.2,121.18 1 1
agenda/internal/services/task_service.go:125.109,126.13 1 3
agenda/internal/services/task_service.go:126.13,128.3 1 0
agenda/internal/services/task_service.go:131.2,132.16 2 3
agenda/internal/services/task_service.go:132.16,133.36 1 1
agenda/internal/services/task_service.go:133.36,135.4 1 0
agenda/internal/services/task_service.go:136.3,136.65 1 1
agenda/internal/services/task_service.go:140.2,140.58 1 2
agenda/internal/services/task_service.go:140.58,142.3 1 1
agenda/internal/services/task_service.go:145.2,146.22 2 1
agenda/internal/services/task_service.go:146.22,148.3 1 1
agenda/internal/services/task_service.go:149.2,149.28 1 1
agenda/internal/services/task_service.go:149.28,151.3 1 0
agenda/internal/services/task_service.go:152.2,152.24 1 1
agenda/internal/services/task_service.go:152.24,154.3 1 0
agenda/internal/services/task_service.go:155.2,155.23 1 1
agenda/internal/services/task_service.go:155.23,157.3 1 0
agenda/internal/services/task_service.go:160.2,160.66 1 1
agenda/internal/services/task_service.go:160.66,162.3 1 0
agenda/internal/services/task_service.go:164.2,164.26 1 1
agenda/internal/services/task_service.go:168.70,169.13 1 0
agenda/internal/services/task_service.go:169.13,171.3 1 0
agenda/internal/services/task_service.go:174.2,175.16 2 0
agenda/internal/services/task_service.go:175.16,176.36 1 0
agenda/internal/services/task_service.go:176.36,178.4 1 0
agenda/internal/services/task_service.go:179.3,179.61 1 0
agenda/internal/services/task_service.go:183.2,183.56 1 0
agenda/internal/services/task_service.go:183.56,185.3 1 0
agenda/internal/services/task_service.go:187.2,187.12 1 0
agenda/internal/services/task_service.go:191.88,192.13 1 2
agenda/internal/services/task_service.go:192.13,194.3 1 0
agenda/internal/services/task_service.go:197.2,198.16 2 2
agenda/internal/services/task_service.go:198.16,199.36 1 0
agenda/internal/services/task_service.go:199.36,201.4 1 0
agenda/internal/services/task_service.go:202.3,202.56 1 0
agenda/internal/services/task_service.go:206.2,206.47 1 2
agenda/internal/services/task_service.go:206.47,208.3 1 1
agenda/internal/services/task_service.go:211.2,212.58 2 1
agenda/internal/services/task_service.go:212.58,214.3 1 0
agenda/internal/services/task_service.go:216.2,216.18 1 1
agenda/internal/services/task_service.go:220.86,221.13 1 2
agenda/internal/services/task_service.go:221.13,223.3 1 0
agenda/internal/services/task_service.go:226.2,227.16 2 2
agenda/internal/services/task_service.go:227.16,228.36 1 0
agenda/internal/services/task_service.go:228.36,230.4 1 0
agenda/internal/services/task_service.go:231.3,231.56 1 0
agenda/internal/services/task_service.go:235.2,235.45 1 2
agenda/internal/services/task_service.go:235.45,237.3 1 1
agenda/internal/services/task_service.go:240.2,241.58 2 1
agenda/internal/services/task_service.go:241.58,243.3 1 0
agenda/internal/services/task_service.go:245.2,245.18 1 1
agenda/internal/services/task_service.go:249.111,251.27 1 3
agenda/internal/services/task_service.go:251.27,253.3 1 3
agenda/internal/services/task_service.go:254.2,254.28 1 3
agenda/internal/services/task_service.go:254.28,256.3 1 0
agenda/internal/services/task_service.go:257.2,257.22 1 3
agenda/internal/services/task_service.go:257.22,259.3 1 3
agenda/internal/services/task_service.go:262.2,273.16 3 3
agenda/internal/services/task_service.go:273.16,275.3 1 0
agenda/internal/services/task_service.go:277.2,278.16 2 3
agenda/internal/services/task_service.go:278.16,280.3 1 0
agenda/internal/services/task_service.go:282.2,282.26 1 3
agenda/internal/services/task_service.go:286.85,288.16 2 1
agenda/internal/services/task_service.go:288.16,290.3 1 0
agenda/internal/services/task_service.go:292.2,292.19 1 1
agenda/internal/services/task_service.go:296.101,298.80 1 0
agenda/internal/services/task_service.go:298.80,300.3 1 0
agenda/internal/services/task_service.go:302.2,303.16 2 0
agenda/internal/services/task_service.go:303.16,305.3 1 0
agenda/internal/services/task_service.go:307.2,307.19 1 0
agenda/internal/services/task_service.go:311.96,312.14 1 2
agenda/internal/services/task_service.go:312.14,314.3 1 1
agenda/internal/services/task_service.go:316.2,320.16 4 2
agenda/internal/services/task_service.go:320.16,322.3 1 0
agenda/internal/services/task_service.go:324.2,324.19 1 2
agenda/internal/services/task_service.go:328.79,330.40 1 6
agenda/internal/services/task_service.go:330.40,332.3 1 1
agenda/internal/services/task_service.go:333.2,333.26 1 5
agenda/internal/services/task_service.go:333.26,335.3 1 1
agenda/internal/services/task_service.go:338.2,338.33 1 4
agenda/internal/services/task_service.go:338.33,340.3 1 0
agenda/internal/services/task_service.go:343.2,343.81 1 4
agenda/internal/services/task_service.go:343.81,345.3 1 1
agenda/internal/services/task_service.go:347.2,347.12 1 3
agenda/internal/services/task_service.go:351.79,353.22 1 2
agenda/internal/services/task_service.go:353.22,354.42 1 1
agenda/internal/services/task_service.go:354.42,356.4 1 0
agenda/internal/services/task_service.go:357.3,357.28 1 1
agenda/internal/services/task_service.go:357.28,359.4 1 0
agenda/internal/services/task_service.go:363.2,363.60 1 2
agenda/internal/services/task_service.go:363.60,365.3 1 0
agenda/internal/services/task_service.go:368.2,368.23 1 2
agenda/internal/services/task_service.go:368.23,369.91 1 1
agenda/internal/services/task_service.go:369.91,371.4 1 1
agenda/internal/services/task_service.go:375.2,375.81 1 1
agenda/internal/services/task_service.go:375.81,377.3 1 0
agenda/internal/services/task_service.go:379.2,379.12 1 1
agenda/internal/database/connection.go:20.50,28.2 1 1
agenda/internal/database/connection.go:31.64,32.19 1 1
agenda/internal/database/connection.go:32.19,34.3 1 0
agenda/internal/database/connection.go:36.2,39.47 4 1
agenda/internal/database/connection.go:43.60,44.44 1 1
agenda/internal/database/connection.go:44.44,46.3 1 0
agenda/internal/database/connection.go:49.2,51.16 3 1
agenda/internal/database/connection.go:51.16,53.3 1 0
agenda/internal/database/connection.go:55.2,55.17 1 1
agenda/internal/database/connection.go:55.17,57.3 1 0
agenda/internal/database/connection.go:59.2,59.12 1 1
agenda/internal/database/connection.go:74.53,85.2 2 1
agenda/internal/database/connection.go:88.54,90.28 1 4
agenda/internal/database/connection.go:90.28,92.3 1 1
agenda/internal/database/connection.go:95.2,95.58 1 3
agenda/internal/database/connection.go:95.58,97.3 1 1
agenda/internal/database/connection.go:99.2,99.62 1 2
agenda/internal/database/connection.go:99.62,101.3 1 1
agenda/internal/database/connection.go:103.2,103.43 1 1
agenda/internal/database/database.go:51.20,53.23 1 1
agenda/internal/database/database.go:53.23,55.3 1 0
agenda/internal/database/database.go:57.2,58.16 2 1
agenda/internal/database/database.go:58.16,62.3 1 0
agenda/internal/database/database.go:65.2,71.44 4 1
agenda/internal/database/database.go:71.44,73.3 1 0
agenda/internal/database/database.go:75.2,78.19 2 1
agenda/internal/database/database.go:82.42,95.2 4 1
agenda/internal/database/database.go:98.35,100.2 1 0
agenda/internal/database/database.go:103.38,106.2 2 1
agenda/internal/database/database.go:110.46,118.16 5 1
agenda/internal/database/database.go:118.16,123.3 4 0
agenda/internal/database/database.go:126.2,140.34 11 1
agenda/internal/database/database.go:140.34,142.3 1 0
agenda/internal/database/database.go:144.2,144.30 1 1
agenda/internal/database/database.go:144.30,146.3 1 0
agenda/internal/database/database.go:148.2,148.62 1 1
agenda/internal/database/database.go:148.62,150.3 1 0
agenda/internal/database/database.go:152.2,152.66 1 1
agenda/internal/database/database.go:152.66,154.3 1 0
agenda/internal/database/database.go:156.2,156.14 1 1
agenda/internal/database/database.go:163.33,166.2 2 1
agenda/internal/database/database.go:169.51,171.2 1 0
agenda/internal/database/database.go:174.89,176.16 2 0
agenda/internal/database/database.go:176.16,178.3 1 0
agenda/internal/database/database.go:180.2,180.15 1 0
agenda/internal/database/database.go:180.15,181.31 1 0
agenda/internal/database/database.go:181.31,182.56 1 0
agenda/internal/database/database.go:182.56,184.5 1 0
agenda/internal/database/database.go:185.4,185.12 1 0
agenda/internal/database/database.go:186.9,186.24 1 0
agenda/internal/database/database.go:186.24,187.56 1 0
agenda/internal/database/database.go:187.56,189.5 1 0
agenda/internal/database/database.go:190.9,191.50 1 0
agenda/internal/database/database.go:191.50,193.5 1 0
agenda/internal/database/database.go:197.2,198.12 2 0
agenda/internal/database/database.go:202.57,204.2 1 0
agenda/internal/database/event_repository.go:52.62,56.2 1 12
agenda/internal/database/event_repository.go:59.105,70.31 5 30
agenda/internal/database/event_repository.go:70.31,72.3 1 1
agenda/internal/database/event_repository.go:74.2,75.16 2 29
agenda/internal/database/event_repository.go:75.16,77.3 1 0
agenda/internal/database/event_repository.go:79.2,80.19 2 29
agenda/internal/database/event_repository.go:84.93,93.16 4 4
agenda/internal/database/event_repository.go:93.16,94.27 1 2
agenda/internal/database/event_repository.go:94.27,96.4 1 2
agenda/internal/database/event_repository.go:97.3,97.57 1 0
agenda/internal/database/event_repository.go:100.2,100.20 1 2
agenda/internal/database/event_repository.go:104.88,112.31 2 2
agenda/internal/database/event_repository.go:112.31,114.3 1 1
agenda/internal/database/event_repository.go:116.2,119.16 3 1
agenda/internal/database/event_repository.go:119.16,121.3 1 0
agenda/internal/database/event_repository.go:123.2,123.12 1 1
agenda/internal/database/event_repository.go:127.75,131.16 3 1
agenda/internal/database/event_repository.go:131.16,133.3 1 0
agenda/internal/database/event_repository.go:135.2,135.12 1 1
agenda/internal/database/event_repository.go:139.107,144.16 4 6
agenda/internal/database/event_repository.go:144.16,146.3 1 0
agenda/internal/database/event_repository.go:148.2,148.20 1 6
agenda/internal/database/event_repository.go:152.98,156.16 3 3
agenda/internal/database/event_repository.go:156.16,158.3 1 0
agenda/internal/database/event_repository.go:160.2,160.19 1 3
agenda/internal/database/event_repository.go:164.125,170.2 2 1
agenda/internal/database/event_repository.go:173.119,190.16 6 2
agenda/internal/database/event_repository.go:190.16,192.3 1 0
agenda/internal/database/event_repository.go:194.2,194.20 1 2
agenda/internal/database/event_repository.go:198.105,214.16 6 2
agenda/internal/database/event_repository.go:214.16,216.3 1 0
agenda/internal/database/event_repository.go:218.2,218.20 1 2
agenda/internal/database/event_repository.go:222.103,234.16 5 1
agenda/internal/database/event_repository.go:234.16,236.3 1 0
agenda/internal/database/event_repository.go:238.2,238.20 1 1
agenda/internal/database/event_repository.go:242.105,252.16 4 2
agenda/internal/database/event_repository.go:252.16,254.3 1 0
agenda/internal/database/event_repository.go:256.2,256.20 1 2
agenda/internal/database/event_repository.go:260.104,262.13 2 9
agenda/internal/database/event_repository.go:262.13,264.3 1 3
agenda/internal/database/event_repository.go:264.8,266.3 1 6
agenda/internal/database/event_repository.go:268.2,272.25 3 9
agenda/internal/database/event_repository.go:272.25,275.3 2 2
agenda/internal/database/event_repository.go:278.2,278.31 1 9
agenda/internal/database/event_repository.go:278.31,281.3 2 0
agenda/internal/database/event_repository.go:284.2,284.31 1 9
agenda/internal/database/event_repository.go:284.31,287.3 2 2
agenda/internal/database/event_repository.go:289.2,289.32 1 9
agenda/internal/database/event_repository.go:289.32,292.3 2 2
agenda/internal/database/event_repository.go:295.2,295.29 1 9
agenda/internal/database/event_repository.go:295.29,298.3 2 0
agenda/internal/database/event_repository.go:300.2,300.30 1 9
agenda/internal/database/event_repository.go:300.30,303.3 2 0
agenda/internal/database/event_repository.go:306.2,306.26 1 9
agenda/internal/database/event_repository.go:306.26,310.3 3 2
agenda/internal/database/event_repository.go:313.2,314.25 2 9
agenda/internal/database/event_repository.go:314.25,316.3 1 6
agenda/internal/database/event_repository.go:319.2,319.14 1 9
agenda/internal/database/event_repository.go:319.14,322.24 2 6
agenda/internal/database/event_repository.go:322.24,326.26 3 1
agenda/internal/database/event_repository.go:326.26,329.5 2 0
agenda/internal/database/event_repository.go:333.2,333.20 1 9
agenda/internal/database/init.go:9.43,11.57 2 0
agenda/internal/database/init.go:11.57,13.3 1 0
agenda/internal/database/init.go:15.2,16.12 2 0
agenda/internal/database/init.go:20.39,22.45 2 0
agenda/internal/database/init.go:22.45,24.3 1 0
agenda/internal/database/init.go:25.2,25.21 1 0
agenda/internal/database/migrations.go:29.56,31.2 1 2
agenda/internal/database/migrations.go:34.51,36.50 1 2
agenda/internal/database/migrations.go:36.50,38.3 1 0
agenda/internal/database/migrations.go:41.2,42.16 2 2
agenda/internal/database/migrations.go:42.16,44.3 1 0
agenda/internal/database/migrations.go:47.2,48.16 2 2
agenda/internal/database/migrations.go:48.16,50.3 1 0
agenda/internal/database/migrations.go:53.2,53.39 1 2
agenda/internal/database/migrations.go:53.39,54.52 1 2
agenda/internal/database/migrations.go:54.52,55.55 1 2
agenda/internal/database/migrations.go:55.55,57.5 1 0
agenda/internal/database/migrations.go:58.4,58.77 1 2
agenda/internal/database/migrations.go:62.2,62.12 1 2
agenda/internal/database/migrations.go:66.58,75.2 3 2
agenda/internal/database/migrations.go:78.67,82.16 3 2
agenda/internal/database/migrations.go:82.16,84.3 1 0
agenda/internal/database/migrations.go:86.2,86.32 1 2
agenda/internal/database/migrations.go:86.32,87.64 1 2
agenda/internal/database/migrations.go:87.64,88.12 1 0
agenda/internal/database/migrations.go:92.3,93.21 2 2
agenda/internal/database/migrations.go:93.21,94.12 1 0
agenda/internal/database/migrations.go:97.3,98.17 2 2
agenda/internal/database/migrations.go:98.17,99.12 1 0
agenda/internal/database/migrations.go:103.3,104.17 2 2
agenda/internal/database/migrations.go:104.17,106.4 1 0
agenda/internal/database/migrations.go:108.3,113.5 2 2
agenda/internal/database/migrations.go:117.2,117.45 1 2
agenda/internal/database/migrations.go:117.45,119.3 1 0
agenda/internal/database/migrations.go:121.2,121.24 1 2
agenda/internal/database/migrations.go:125.67,128.16 3 2
agenda/internal/database/migrations.go:128.16,130.3 1 0
agenda/internal/database/migrations.go:131.2,134.18 3 2
agenda/internal/database/migrations.go:134.18,136.45 2 0
agenda/internal/database/migrations.go:136.45,138.4 1 0
agenda/internal/database/migrations.go:139.3,139.39 1 0
agenda/internal/database/migrations.go:142.2,142.29 1 2
agenda/internal/database/migrations.go:146.71,148.16 2 2
agenda/internal/database/migrations.go:148.16,150.3 1 0
agenda/internal/database/migrations.go:151.2,154.50 2 2
agenda/internal/database/migrations.go:154.50,156.3 1 0
agenda/internal/database/migrations.go:159.2,159.108 1 2
agenda/internal/database/migrations.go:159.108,161.3 1 0
agenda/internal/database/migrations.go:163.2,163.20 1 2
agenda/internal/database/migrations.go:167.43,168.26 1 2
agenda/internal/database/migrations.go:168.26,169.16 1 0
agenda/internal/database/migrations.go:169.16,171.4 1 0
agenda/internal/database/migrations.go:173.2,173.14 1 2
agenda/internal/database/repository.go:49.44,53.2 1 28
agenda/internal/database/repository.go:56.100,58.16 2 49
agenda/internal/database/repository.go:58.16,60.3 1 0
agenda/internal/database/repository.go:62.2,63.16 2 49
agenda/internal/database/repository.go:63.16,65.3 1 0
agenda/internal/database/repository.go:67.2,67.16 1 49
agenda/internal/database/repository.go:71.105,74.2 2 9
agenda/internal/database/repository.go:77.91,80.2 2 3
agenda/internal/database/repository.go:83.86,86.2 2 3
agenda/internal/database/repository.go:89.107,91.16 2 22
agenda/internal/database/repository.go:91.16,93.3 1 0
agenda/internal/database/repository.go:94.2,96.29 2 22
agenda/internal/database/repository.go:100.99,105.2 4 6
agenda/internal/database/repository.go:108.99,112.26 4 2
agenda/internal/database/repository.go:112.26,114.3 1 0
agenda/internal/database/repository.go:115.2,115.20 1 2
agenda/internal/database/repository.go:119.92,121.16 2 2
agenda/internal/database/repository.go:121.16,123.3 1 0
agenda/internal/database/repository.go:125.2,125.15 1 2
agenda/internal/database/repository.go:125.15,126.31 1 2
agenda/internal/database/repository.go:126.31,128.12 2 0
agenda/internal/database/repository.go:129.9,129.24 1 2
agenda/internal/database/repository.go:129.24,131.4 1 1
agenda/internal/database/repository.go:131.9,133.4 1 1
agenda/internal/database/repository.go:136.2,137.12 2 2
agenda/internal/database/repository.go:141.68,143.2 1 0
agenda/internal/database/scanner.go:10.52,13.37 2 9
agenda/internal/database/scanner.go:13.37,15.3 1 0
agenda/internal/database/scanner.go:17.2,18.40 2 9
agenda/internal/database/scanner.go:18.40,20.3 1 0
agenda/internal/database/scanner.go:23.2,26.28 2 9
agenda/internal/database/scanner.go:30.55,33.37 2 22
agenda/internal/database/scanner.go:33.37,35.3 1 0
agenda/internal/database/scanner.go:37.2,38.39 2 22
agenda/internal/database/scanner.go:38.39,40.3 1 0
agenda/internal/database/scanner.go:43.2,48.18 3 22
agenda/internal/database/scanner.go:48.18,53.37 3 39
agenda/internal/database/scanner.go:53.37,57.4 2 39
agenda/internal/database/scanner.go:57.9,61.4 2 0
agenda/internal/database/scanner.go:64.3,64.46 1 39
agenda/internal/database/scanner.go:64.46,66.4 1 0
agenda/internal/database/scanner.go:69.3,69.42 1 39
agenda/internal/database/scanner.go:73.2,75.19 2 22
agenda/internal/database/scanner.go:79.63,83.46 3 48
agenda/internal/database/scanner.go:83.46,88.22 3 333
agenda/internal/database/scanner.go:88.22,89.12 1 0
agenda/internal/database/scanner.go:93.3,94.19 2 333
agenda/internal/database/scanner.go:94.19,95.12 1 0
agenda/internal/database/scanner.go:99.3,99.52 1 333
agenda/internal/database/scanner.go:102.2,102.15 1 48
agenda/internal/database/task_repository.go:47.60,51.2 1 9
agenda/internal/database/task_repository.go:54.100,65.23 5 20
agenda/internal/database/task_repository.go:65.23,67.3 1 0
agenda/internal/database/task_repository.go:70.2,70.38 1 20
agenda/internal/database/task_repository.go:70.38,72.3 1 1
agenda/internal/database/task_repository.go:74.2,75.16 2 19
agenda/internal/database/task_repository.go:75.16,77.3 1 0
agenda/internal/database/task_repository.go:79.2,80.18 2 19
agenda/internal/database/task_repository.go:84.90,93.16 4 4
agenda/internal/database/task_repository.go:93.16,94.27 1 2
agenda/internal/database/task_repository.go:94.27,96.4 1 2
agenda/internal/database/task_repository.go:97.3,97.56 1 0
agenda/internal/database/task_repository.go:100.2,100.19 1 2
agenda/internal/database/task_repository.go:104.84,112.38 2 2
agenda/internal/database/task_repository.go:112.38,114.3 1 1
agenda/internal/database/task_repository.go:116.2,119.16 3 1
agenda/internal/database/task_repository.go:119.16,121.3 1 0
agenda/internal/database/task_repository.go:123.2,123.12 1 1
agenda/internal/database/task_repository.go:127.73,131.16 3 1
agenda/internal/database/task_repository.go:131.16,133.3 1 0
agenda/internal/database/task_repository.go:135.2,135.12 1 1
agenda/internal/database/task_repository.go:139.103,144.16 4 8
agenda/internal/database/task_repository.go:144.16,146.3 1 0
agenda/internal/database/task_repository.go:148.2,148.19 1 8
agenda/internal/database/task_repository.go:152.95,156.16 3 2
agenda/internal/database/task_repository.go:156.16,158.3 1 0
agenda/internal/database/task_repository.go:160.2,160.19 1 2
agenda/internal/database/task_repository.go:164.104,169.2 2 2
agenda/internal/database/task_repository.go:172.125,178.2 2 1
agenda/internal/database/task_repository.go:181.88,192.16 5 1
agenda/internal/database/task_repository.go:192.16,194.3 1 0
agenda/internal/database/task_repository.go:196.2,196.19 1 1
agenda/internal/database/task_repository.go:200.101,202.13 2 10
agenda/internal/database/task_repository.go:202.13,204.3 1 2
agenda/internal/database/task_repository.go:204.8,206.3 1 8
agenda/internal/database/task_repository.go:208.2,212.26 3 10
agenda/internal/database/task_repository.go:212.26,215.3 2 5
agenda/internal/database/task_repository.go:218.2,218.29 1 10
agenda/internal/database/task_repository.go:218.29,221.3 2 1
agenda/internal/database/task_repository.go:223.2,223.30 1 10
agenda/internal/database/task_repository.go:223.30,226.3 2 1
agenda/internal/database/task_repository.go:229.2,229.26 1 10
agenda/internal/database/task_repository.go:229.26,233.3 3 1
agenda/internal/database/task_repository.go:236.2,237.25 2 10
agenda/internal/database/task_repository.go:237.25,239.3 1 7
agenda/internal/database/task_repository.go:242.2,242.14 1 10
agenda/internal/database/task_repository.go:242.14,245.24 2 8
agenda/internal/database/task_repository.go:245.24,249.26 3 1
agenda/internal/database/task_repository.go:249.26,252.5 2 0
agenda/internal/database/task_repository.go:256.2,256.20 1 10
agenda/internal/database/transaction.go:17.40,22.2 1 3
agenda/internal/database/transaction.go:25.41,30.2 1 1
agenda/internal/database/transaction.go:38.60,40.2 1 3
agenda/internal/database/transaction.go:43.127,44.17 1 4
agenda/internal/database/transaction.go:44.17,46.3 1 0
agenda/internal/database/transaction.go:48.2,49.16 2 4
agenda/internal/database/transaction.go:49.16,51.3 1 0
agenda/internal/database/transaction.go:53.2,53.15 1 4
agenda/internal/database/transaction.go:53.15,54.31 1 4
agenda/internal/database/transaction.go:54.31,55.56 1 0
agenda/internal/database/transaction.go:55.56,57.5 1 0
agenda/internal/database/transaction.go:58.4,58.12 1 0
agenda/internal/database/transaction.go:59.9,59.24 1 4
agenda/internal/database/transaction.go:59.24,60.56 1 0
agenda/internal/database/transaction.go:60.56,62.5 1 0
agenda/internal/database/transaction.go:63.9,64.50 1 4
agenda/internal/database/transaction.go:64.50,66.5 1 0
agenda/internal/database/transaction.go:70.2,71.12 2 4
agenda/internal/database/transaction.go:75.101,77.2 1 1
agenda/internal/database/transaction.go:80.118,83.53 2 0
agenda/internal/database/transaction.go:83.53,85.17 2 0
agenda/internal/database/transaction.go:85.17,87.4 1 0
agenda/internal/database/transaction.go:89.3,92.29 2 0
agenda/internal/database/transaction.go:92.29,93.9 1 0
agenda/internal/database/transaction.go:96.3,96.27 1 0
agenda/internal/database/transaction.go:96.27,98.4 1 0
agenda/internal/database/transaction.go:101.2,101.86 1 0
agenda/internal/database/transaction.go:105.39,107.16 1 2
agenda/internal/database/transaction.go:107.16,109.3 1 1
agenda/internal/database/transaction.go:111.2,112.79 2 1
agenda/internal/database/transaction.go:122.65,123.20 1 1
agenda/internal/database/transaction.go:123.20,125.3 1 0
agenda/internal/database/transaction.go:127.2,130.3 1 1
agenda/internal/database/transaction.go:134.103,135.53 1 1
agenda/internal/database/transaction.go:135.53,137.28 2 2
agenda/internal/database/transaction.go:137.28,139.4 1 1
agenda/internal/database/transaction.go:141.3,142.85 2 2
agenda/internal/database/transaction.go:142.85,143.29 1 2
agenda/internal/database/transaction.go:143.29,144.34 1 3
agenda/internal/database/transaction.go:144.34,146.6 1 0
agenda/internal/database/transaction.go:148.4,148.14 1 2
agenda/internal/database/transaction.go:151.3,151.17 1 2
agenda/internal/database/transaction.go:151.17,153.4 1 0
agenda/internal/database/transaction.go:156.2,156.12 1 1
agenda/internal/handlers/task_handler.go:18.77,22.2 1 7
agenda/internal/handlers/task_handler.go:71.51,73.47 2 4
agenda/internal/handlers/task_handler.go:73.47,76.3 2 2
agenda/internal/handlers/task_handler.go:79.2,86.16 3 2
agenda/internal/handlers/task_handler.go:86.16,89.3 2 0
agenda/internal/handlers/task_handler.go:91.2,91.34 1 2
agenda/internal/handlers/task_handler.go:95.48,97.16 2 3
agenda/internal/handlers/task_handler.go:97.16,100.3 2 1
agenda/internal/handlers/task_handler.go:102.2,103.16 2 2
agenda/internal/handlers/task_handler.go:103.16,106.3 2 1
agenda/internal/handlers/task_handler.go:108.2,108.29 1 1
agenda/internal/handlers/task_handler.go:112.51,114.16 2 4
agenda/internal/handlers/task_handler.go:114.16,117.3 2 1
agenda/internal/handlers/task_handler.go:119.2,120.47 2 3
agenda/internal/handlers/task_handler.go:120.47,123.3 2 0
agenda/internal/handlers/task_handler.go:126.2,134.16 3 3
agenda/internal/handlers/task_handler.go:134.16,137.3 2 1
agenda/internal/handlers/task_handler.go:139.2,139.29 1 2
agenda/internal/handlers/task_handler.go:143.51,145.16 2 3
agenda/internal/handlers/task_handler.go:145.16,148.3 2 1
agenda/internal/handlers/task_handler.go:150.2,151.16 2 2
agenda/internal/handlers/task_handler.go:151.16,154.3 2 1
agenda/internal/handlers/task_handler.go:156.2,156.35 1 1
agenda/internal/handlers/task_handler.go:160.50,162.50 2 4
agenda/internal/handlers/task_handler.go:162.50,165.3 2 0
agenda/internal/handlers/task_handler.go:168.2,175.26 2 4
agenda/internal/handlers/task_handler.go:175.26,177.17 2 0
agenda/internal/handlers/task_handler.go:177.17,182.4 2 0
agenda/internal/handlers/task_handler.go:183.3,183.31 1 0
agenda/internal/handlers/task_handler.go:186.2,186.27 1 4
agenda/internal/handlers/task_handler.go:186.27,188.17 2 0
agenda/internal/handlers/task_handler.go:188.17,193.4 2 0
agenda/internal/handlers/task_handler.go:194.3,194.33 1 0
agenda/internal/handlers/task_handler.go:197.2,198.16 2 4
agenda/internal/handlers/task_handler.go:198.16,201.3 2 0
agenda/internal/handlers/task_handler.go:204.2,205.14 2 4
agenda/internal/handlers/task_handler.go:205.14,207.3 1 3
agenda/internal/handlers/task_handler.go:208.2,209.19 2 4
agenda/internal/handlers/task_handler.go:209.19,211.3 1 3
agenda/internal/handlers/task_handler.go:213.2,223.33 3 4
agenda/internal/handlers/task_handler.go:227.53,229.16 2 3
agenda/internal/handlers/task_handler.go:229.16,232.3 2 1
agenda/internal/handlers/task_handler.go:234.2,235.16 2 2
agenda/internal/handlers/task_handler.go:235.16,238.3 2 1
agenda/internal/handlers/task_handler.go:240.2,240.29 1 1
agenda/internal/handlers/task_handler.go:244.51,246.16 2 3
agenda/internal/handlers/task_handler.go:246.16,249.3 2 1
agenda/internal/handlers/task_handler.go:251.2,252.16 2 2
agenda/internal/handlers/task_handler.go:252.16,255.3 2 1
agenda/internal/handlers/task_handler.go:257.2,257.29 1 1
agenda/internal/handlers/task_handler.go:261.65,264.27 3 16
agenda/internal/handlers/task_handler.go:264.27,266.3 1 5
agenda/internal/handlers/task_handler.go:267.2,267.16 1 11
agenda/internal/handlers/task_handler.go:271.73,275.2 1 2
agenda/internal/handlers/task_handler.go:278.70,279.13 1 5
agenda/internal/handlers/task_handler.go:280.32,281.82 1 5
agenda/internal/handlers/task_handler.go:282.37,285.5 1 0
agenda/internal/handlers/task_handler.go:286.36,289.5 1 0
agenda/internal/handlers/task_handler.go:290.42,293.5 1 0
agenda/internal/handlers/task_handler.go:294.37,297.5 1 0
agenda/internal/handlers/task_handler.go:298.33,301.5 1 0
agenda/internal/handlers/task_handler.go:302.40,303.101 1 0
agenda/internal/handlers/task_handler.go:304.38,305.97 1 0
agenda/internal/handlers/task_handler.go:306.10,307.100 1 0
agenda/internal/handlers/task_handler.go:312.122,321.2 2 12
